/*C1*/SET SCHEMA SYSTEM_LOBS
INSERT INTO BLOCKS VALUES(0,2147483647,0)
COMMIT
/*C2*/SET SCHEMA PUBLIC
DROP TABLE IF EXISTS grades
CREATE TABLE grades (\u000a  id varchar(45) NOT NULL,\u000a  chinese int NOT NULL,\u000a  math int NOT NULL,\u000a  english int NOT NULL\u000a) 
INSERT INTO GRADES VALUES('Akai',50,20,30)
INSERT INTO GRADES VALUES('Andy',55,30,50)
INSERT INTO GRADES VALUES('Annie',90,100,80)
INSERT INTO GRADES VALUES('Cookie',70,50,60)
INSERT INTO GRADES VALUES('Jim',62,58,73)
INSERT INTO GRADES VALUES('Judy',95,98,91)
INSERT INTO GRADES VALUES('Michael',5,6,90)
INSERT INTO GRADES VALUES('Mike',6,8,9)
INSERT INTO GRADES VALUES('Wolf',100,100,60)
INSERT INTO GRADES VALUES('Wei',70,70,80)
COMMIT
DROP TABLE IF EXISTS students
CREATE TABLE students (\u000a  id varchar(45) NOT NULL,\u000a  sex varchar(45) NOT NULL,\u000a  birthmonth int NOT NULL,\u000a  PRIMARY KEY (id)\u000a) 
INSERT INTO STUDENTS VALUES('Akai','M',12)
INSERT INTO STUDENTS VALUES('Andy','M',6)
INSERT INTO STUDENTS VALUES('Annie','F',9)
INSERT INTO STUDENTS VALUES('Cookie','F',9)
INSERT INTO STUDENTS VALUES('Jim','M',8)
INSERT INTO STUDENTS VALUES('Judy','F',4)
INSERT INTO STUDENTS VALUES('Michael','M',9)
INSERT INTO STUDENTS VALUES('Mike','M',1)
INSERT INTO STUDENTS VALUES('Wolf','M',9)
INSERT INTO STUDENTS VALUES('Wei','M',6)
COMMIT
CREATE USER "JAVA" PASSWORD "JAVA" ADMIN\u000a
DISCONNECT
/*C4*/SET SCHEMA PUBLIC
DISCONNECT
/*C5*/SET SCHEMA PUBLIC
DISCONNECT
/*C6*/SET SCHEMA PUBLIC
DISCONNECT
/*C7*/SET SCHEMA PUBLIC
DISCONNECT
/*C8*/SET SCHEMA PUBLIC
DISCONNECT
/*C9*/SET SCHEMA PUBLIC
DISCONNECT
/*C10*/SET SCHEMA PUBLIC
DISCONNECT
/*C11*/SET SCHEMA PUBLIC
DISCONNECT
/*C12*/SET SCHEMA PUBLIC
DISCONNECT
/*C13*/SET SCHEMA PUBLIC
DISCONNECT
/*C14*/SET SCHEMA PUBLIC
DISCONNECT
/*C15*/SET SCHEMA PUBLIC
DISCONNECT
/*C16*/SET SCHEMA PUBLIC
DISCONNECT
/*C17*/SET SCHEMA PUBLIC
DISCONNECT
/*C18*/SET SCHEMA PUBLIC
DISCONNECT
/*C19*/SET SCHEMA PUBLIC
DISCONNECT
/*C20*/SET SCHEMA PUBLIC
DISCONNECT
/*C21*/SET SCHEMA PUBLIC
DISCONNECT
/*C23*/SET SCHEMA PUBLIC
DISCONNECT
/*C22*/SET SCHEMA PUBLIC
DISCONNECT
/*C24*/SET SCHEMA PUBLIC
DISCONNECT
/*C25*/SET SCHEMA PUBLIC
DISCONNECT
/*C26*/SET SCHEMA PUBLIC
DISCONNECT
/*C27*/SET SCHEMA PUBLIC
DISCONNECT
/*C28*/SET SCHEMA PUBLIC
DISCONNECT
/*C29*/SET SCHEMA PUBLIC
DISCONNECT
/*C30*/SET SCHEMA PUBLIC
DISCONNECT
/*C32*/SET SCHEMA PUBLIC
DISCONNECT
/*C31*/SET SCHEMA PUBLIC
DISCONNECT
/*C36*/SET SCHEMA PUBLIC
DISCONNECT
/*C33*/SET SCHEMA PUBLIC
DISCONNECT
/*C34*/SET SCHEMA PUBLIC
DISCONNECT
/*C35*/SET SCHEMA PUBLIC
DISCONNECT
/*C37*/SET SCHEMA PUBLIC
DISCONNECT
/*C3*/SET SCHEMA PUBLIC
DISCONNECT
