/*C4*/SET SCHEMA PUBLIC
CREATE TABLE book (\u000a   id bigint not null,\u000a   name varchar(100),\u000a   PRIMARY KEY (id)\u000a )
DROP TABLE BOOK
DROP TABLE IF EXISTS grades
CREATE TABLE grades (\u000a  id varchar(45) NOT NULL,\u000a  chinese int NOT NULL,\u000a  math int NOT NULL,\u000a  english int NOT NULL\u000a) 
INSERT INTO GRADES VALUES('Akai',50,20,30)
INSERT INTO GRADES VALUES('Andy',55,30,50)
INSERT INTO GRADES VALUES('Annie',90,100,80)
INSERT INTO GRADES VALUES('Cookie',70,50,60)
INSERT INTO GRADES VALUES('Jim',62,58,73)
INSERT INTO GRADES VALUES('Judy',95,98,91)
INSERT INTO GRADES VALUES('Michael',5,6,90)
INSERT INTO GRADES VALUES('Mike',6,8,9)
INSERT INTO GRADES VALUES('Wolf',100,100,60)
INSERT INTO GRADES VALUES('Wei',70,70,80)
COMMIT
DROP TABLE IF EXISTS students
CREATE TABLE students (\u000a  id varchar(45) NOT NULL,\u000a  sex varchar(45) NOT NULL,\u000a  birthmonth int NOT NULL,\u000a  PRIMARY KEY (id)\u000a) 
INSERT INTO STUDENTS VALUES('Akai','M',12)
INSERT INTO STUDENTS VALUES('Andy','M',6)
INSERT INTO STUDENTS VALUES('Annie','F',9)
INSERT INTO STUDENTS VALUES('Cookie','F',9)
INSERT INTO STUDENTS VALUES('Jim','M',8)
INSERT INTO STUDENTS VALUES('Judy','F',4)
INSERT INTO STUDENTS VALUES('Michael','M',9)
INSERT INTO STUDENTS VALUES('Mike','M',1)
INSERT INTO STUDENTS VALUES('Wolf','M',9)
INSERT INTO STUDENTS VALUES('Wei','M',6)
COMMIT
/*C5*/SET SCHEMA PUBLIC
DISCONNECT
/*C6*/SET SCHEMA PUBLIC
DISCONNECT
