已經開始建置於 2015/6/18 上午 08:36:44。
     1>節點 2 (build 目標) 上的專案 "C:\Users\宜勳\Desktop\C程\下學期\HW14\Breakout_clone_by12932\Breakout_clone_by12932\Breakout_clone_by12932.vcxproj"。
     1>InitializeBuildStatus:
         由於指定了 "AlwaysCreate"，因此正在建立 "Debug\Breakout_clone_by12932.unsuccessfulbuild"。
       GenerateTargetFrameworkMonikerAttribute:
       將略過目標 "GenerateTargetFrameworkMonikerAttribute"，因為所有輸出檔對於其輸入檔而言都已更新。
       ClCompile:
         所有輸出都是最新的。
         c:\Program Files (x86)\Microsoft Visual Studio 10.0\VC\bin\CL.exe /c /AI"C:\Program Files (x86)\Reference Assemblies\Microsoft\Framework\.NETFramework\v4.0" /Zi /clr:pure /nologo /W3 /WX- /Od /Oy- /D WIN32 /D _DEBUG /D _UNICODE /D UNICODE /EHa /MDd /GS /fp:precise /Zc:wchar_t /Zc:forScope /Yu"StdAfx.h" /Fp"Debug\Breakout_clone_by12932.pch" /Fo"Debug\\" /Fd"Debug\vc100.pdb" /TP /FU"C:\Program Files (x86)\Reference Assemblies\Microsoft\Framework\.NETFramework\v4.0\System.Core.dll" /FU"C:\Program Files (x86)\Reference Assemblies\Microsoft\Framework\.NETFramework\v4.0\System.Data.dll" /FU"C:\Program Files (x86)\Reference Assemblies\Microsoft\Framework\.NETFramework\v4.0\System.dll" /FU"C:\Program Files (x86)\Reference Assemblies\Microsoft\Framework\.NETFramework\v4.0\System.Drawing.dll" /FU"C:\Program Files (x86)\Reference Assemblies\Microsoft\Framework\.NETFramework\v4.0\System.Windows.Forms.dll" /FU"C:\Program Files (x86)\Reference Assemblies\Microsoft\Framework\.NETFramework\v4.0\System.Xml.dll" /analyze- /errorReport:prompt Breakout_clone_by12932.cpp /clr:nostdlib 
         Breakout_clone_by12932.cpp
     1>c:\users\宜勳\desktop\c程\下學期\hw14\breakout_clone_by12932\breakout_clone_by12932\Form1.h(6): warning C4067: 未預期的語彙基元，接著前置處理器指示詞 - 必須是新行
     1>c:\users\宜勳\desktop\c程\下學期\hw14\breakout_clone_by12932\breakout_clone_by12932\Form1.h(7): warning C4067: 未預期的語彙基元，接著前置處理器指示詞 - 必須是新行
     1>c:\users\宜勳\desktop\c程\下學期\hw14\breakout_clone_by12932\breakout_clone_by12932\Form1.h(1521): warning C4244: '引數' : 將 'time_t' 轉換為 'unsigned int'，由於型別不同，可能導致資料遺失
     1>c:\users\宜勳\desktop\c程\下學期\hw14\breakout_clone_by12932\breakout_clone_by12932\Form1.h(1555): warning C4244: '-=' : 將 'double' 轉換為 'int'，由於型別不同，可能導致資料遺失
     1>c:\users\宜勳\desktop\c程\下學期\hw14\breakout_clone_by12932\breakout_clone_by12932\Form1.h(1556): warning C4244: '+=' : 將 'double' 轉換為 'int'，由於型別不同，可能導致資料遺失
         所有輸出都是最新的。
       CoreResGen:
         相對於資源的來源檔案，並沒有資源過期。將略過產生資源。
       ResourceCompile:
         所有輸出都是最新的。
       Link:
         c:\Program Files (x86)\Microsoft Visual Studio 10.0\VC\bin\link.exe /ERRORREPORT:PROMPT /OUT:"C:\Users\宜勳\Desktop\C程\下學期\HW14\Breakout_clone_by12932\Debug\Breakout_clone_by12932.exe" /INCREMENTAL /NOLOGO /ASSEMBLYRESOURCE:Debug\Breakout_clone_by12932.All.resources /ASSEMBLYRESOURCE:Debug\Breakout_clone_by12932.Form1.resources /ASSEMBLYRESOURCE:Debug\Breakout_clone_by12932.lose.resources /MANIFEST /ManifestFile:"Debug\Breakout_clone_by12932.exe.intermediate.manifest" /MANIFESTUAC:"level='asInvoker' uiAccess='false'" /DEBUG /PDB:"C:\Users\宜勳\Desktop\C程\下學期\HW14\Breakout_clone_by12932\Debug\Breakout_clone_by12932.pdb" /ASSEMBLYDEBUG /SUBSYSTEM:WINDOWS /TLBID:1 /ENTRY:"main" /DYNAMICBASE /FIXED:NO /NXCOMPAT /MACHINE:X86 Debug\app.res
         Debug\All.obj
         Debug\AssemblyInfo.obj
         Debug\Breakout_clone_by12932.obj
         Debug\lose.obj
         Debug\stdafx.obj
         "Debug\.NETFramework,Version=v4.0.AssemblyAttributes.obj"
         Breakout_clone_by12932.vcxproj -> C:\Users\宜勳\Desktop\C程\下學期\HW14\Breakout_clone_by12932\Debug\Breakout_clone_by12932.exe
       Manifest:
         c:\Program Files (x86)\Microsoft SDKs\Windows\v7.0A\bin\mt.exe /nologo /verbose /outputresource:"C:\Users\宜勳\Desktop\C程\下學期\HW14\Breakout_clone_by12932\Debug\Breakout_clone_by12932.exe;#1" /manifest Debug\Breakout_clone_by12932.exe.intermediate.manifest
       FinalizeBuildStatus:
         正在刪除檔案 "Debug\Breakout_clone_by12932.unsuccessfulbuild"。
         正在變更時間戳記 "Debug\Breakout_clone_by12932.lastbuildstate"。
     1>專案 "C:\Users\宜勳\Desktop\C程\下學期\HW14\Breakout_clone_by12932\Breakout_clone_by12932\Breakout_clone_by12932.vcxproj" (build 目標) 建置完成。

建置成功。

經過時間 00:00:03.52
